[debug] [2019-09-21T10:45:24.687Z] ----------------------------------------------------------------------
[debug] [2019-09-21T10:45:24.696Z] Command:       C:\Program Files\nodejs\node.exe C:\Users\Rekhansh Priyadarshi\AppData\Roaming\npm\node_modules\firebase-tools\lib\bin\firebase.js deploy --only functions
[debug] [2019-09-21T10:45:24.696Z] CLI Version:   7.3.2
[debug] [2019-09-21T10:45:24.697Z] Platform:      win32
[debug] [2019-09-21T10:45:24.697Z] Node Version:  v12.8.0
[debug] [2019-09-21T10:45:24.700Z] Time:          Sat Sep 21 2019 16:15:24 GMT+0530 (India Standard Time)
[debug] [2019-09-21T10:45:24.700Z] ----------------------------------------------------------------------
[debug] 
[debug] [2019-09-21T10:45:24.759Z] > command requires scopes: ["email","openid","https://www.googleapis.com/auth/cloudplatformprojects.readonly","https://www.googleapis.com/auth/firebase","https://www.googleapis.com/auth/cloud-platform"]
[debug] [2019-09-21T10:45:24.763Z] > authorizing via signed-in user
[debug] [2019-09-21T10:45:24.763Z] [iam] checking project collegemate-hfcasg for permissions ["cloudfunctions.functions.create","cloudfunctions.functions.delete","cloudfunctions.functions.get","cloudfunctions.functions.list","cloudfunctions.functions.update","cloudfunctions.operations.get","firebase.projects.get"]
[debug] [2019-09-21T10:45:24.771Z] >>> HTTP REQUEST POST https://cloudresourcemanager.googleapis.com/v1/projects/collegemate-hfcasg:testIamPermissions  

[debug] [2019-09-21T10:45:26.800Z] <<< HTTP RESPONSE 200
[info] 
[info] === Deploying to 'collegemate-hfcasg'...
[info] 
[info] i  deploying functions
[debug] [2019-09-21T10:45:42.819Z] > [functions] package.json contents: {
  "name": "functions",
  "description": "Cloud Functions for Firebase",
  "scripts": {
    "serve": "firebase serve --only functions",
    "shell": "firebase functions:shell",
    "start": "npm run shell",
    "deploy": "firebase deploy --only functions",
    "logs": "firebase functions:log"
  },
  "engines": {
    "node": "8"
  },
  "dependencies": {
    "actions-on-google": "^2.12.0",
    "firebase-admin": "^8.0.0",
    "firebase-functions": "^3.1.0"
  },
  "devDependencies": {
    "firebase-functions-test": "^0.1.6"
  },
  "private": true
}
[info] i  functions: ensuring necessary APIs are enabled...
[debug] [2019-09-21T10:45:42.833Z] >>> HTTP REQUEST GET https://serviceusage.googleapis.com/v1/projects/collegemate-hfcasg/services/cloudfunctions.googleapis.com  
 
[debug] [2019-09-21T10:45:42.836Z] >>> HTTP REQUEST GET https://serviceusage.googleapis.com/v1/projects/collegemate-hfcasg/services/runtimeconfig.googleapis.com  
 
[debug] [2019-09-21T10:45:48.277Z] <<< HTTP RESPONSE 200
[info] +  functions: all necessary APIs are enabled
[debug] [2019-09-21T10:45:48.426Z] <<< HTTP RESPONSE 200
[debug] [2019-09-21T10:45:48.428Z] >>> HTTP REQUEST GET https://firebase.googleapis.com/v1beta1/projects/collegemate-hfcasg/adminSdkConfig  
 
[debug] [2019-09-21T10:45:55.206Z] <<< HTTP RESPONSE 200
[info] i  functions: preparing functions directory for uploading...
[debug] [2019-09-21T10:45:55.215Z] >>> HTTP REQUEST GET https://runtimeconfig.googleapis.com/v1beta1/projects/collegemate-hfcasg/configs  
 
[debug] [2019-09-21T10:45:56.745Z] <<< HTTP RESPONSE 200
[info] i  functions: packaged functions (27.52 KB) for uploading
[debug] [2019-09-21T10:46:00.266Z] >>> HTTP REQUEST POST https://cloudfunctions.googleapis.com/v1/projects/collegemate-hfcasg/locations/us-central1/functions:generateUploadUrl  
 
[debug] [2019-09-21T10:46:19.456Z] <<< HTTP RESPONSE 200
[debug] [2019-09-21T10:46:19.458Z] >>> HTTP REQUEST PUT https://storage.googleapis.com/gcf-upload-us-central1-cc9dd95d-ea32-4279-93d2-e7b4054977d0/2d4605a2-7025-4bf9-9d2d-eb136395c1ed.zip?GoogleAccessId=service-780170760980@gcf-admin-robot.iam.gserviceaccount.com&Expires=1569064578&Signature=Yd%2BBu%2FCUUGxYOS%2F4iMBqnzk2OpmvLje%2FX5hp04AQyNS3sEcAvkHmmdmpqN%2F3mmCvDRUsFq%2BvV%2FRxMXazcboOSueWPPyl3tsgv4l30rVNlf0bPd6jMtp2H97tlKt9JpABurlwg5RcksssHnY5Ta3mqT%2BJSHvi5eppiCo27GCbB0f%2Ffq%2BAERBSlU2PpxDe7Sr2JYGL7QO7%2BuZ5QBqjSrPL%2FVgFaxyC4SzCZ%2FNAGIVbh%2FzmhEaOw6CnentKk0cHyJ4EXr0g08xsJXeWwYDM%2Fof%2BrvUQicnOFSUswGVbR5zqln%2FPhgiOvvXGg9LENeDAvavNaDP4yats7bU2C3OT50%2B18A%3D%3D  
 <request body omitted>
